Using pre-set license
Built from '2020.3/staging' branch; Version is '2020.3.26f1 (7298b473bc1a) revision 7510196'; Using compiler version '192528614'; Build Type 'Release'
OS: 'Windows 11  (10.0.22000) 64bit Core' Language: 'en' Physical Memory: 16236 MB
BatchMode: 1, IsHumanControllingUs: 0, StartBugReporterOnCrash: 0, Is64bit: 1, IsPro: 0

COMMAND LINE ARGUMENTS:
C:\Program Files\Unity\Hub\Editor\2020.3.26f1\Editor\Unity.exe
-adb2
-batchMode
-noUpm
-name
AssetImportWorker0
-projectPath
C:/Users/Artiom/nomaze
-logFile
Logs/AssetImportWorker0.log
-srvPort
63635
Successfully changed project path to: C:/Users/Artiom/nomaze
C:/Users/Artiom/nomaze
Using Asset Import Pipeline V2.
Refreshing native plugins compatible for Editor in 43.25 ms, found 2 plugins.
Preloading 0 native plugins for Editor in 0.00 ms.
Initialize engine version: 2020.3.26f1 (7298b473bc1a)
[Subsystems] Discovering subsystems at path C:/Program Files/Unity/Hub/Editor/2020.3.26f1/Editor/Data/Resources/UnitySubsystems
[Subsystems] Discovering subsystems at path C:/Users/Artiom/nomaze/Assets
GfxDevice: creating device client; threaded=0
Direct3D:
    Version:  Direct3D 11.0 [level 11.1]
    Renderer: NVIDIA GeForce RTX 3060 Laptop GPU (ID=0x2560)
    Vendor:   
    VRAM:     6023 MB
    Driver:   30.0.15.1236
Initialize mono
Mono path[0] = 'C:/Program Files/Unity/Hub/Editor/2020.3.26f1/Editor/Data/Managed'
Mono path[1] = 'C:/Program Files/Unity/Hub/Editor/2020.3.26f1/Editor/Data/MonoBleedingEdge/lib/mono/unityjit'
Mono config path = 'C:/Program Files/Unity/Hub/Editor/2020.3.26f1/Editor/Data/MonoBleedingEdge/etc'
Using monoOptions --debugger-agent=transport=dt_socket,embedding=1,server=y,suspend=n,address=127.0.0.1:56380
Begin MonoManager ReloadAssembly
Registering precompiled unity dll's ...
Register platform support module: C:/Program Files/Unity/Hub/Editor/2020.3.26f1/Editor/Data/PlaybackEngines/WebGLSupport/UnityEditor.WebGL.Extensions.dll
Register platform support module: C:/Program Files/Unity/Hub/Editor/2020.3.26f1/Editor/Data/PlaybackEngines/WindowsStandaloneSupport/UnityEditor.WindowsStandalone.Extensions.dll
Registered in 0.002697 seconds.
Native extension for WindowsStandalone target not found
Native extension for WebGL target not found
Refreshing native plugins compatible for Editor in 97.64 ms, found 2 plugins.
Preloading 0 native plugins for Editor in 0.00 ms.
Mono: successfully reloaded assembly
- Completed reload, in  0.915 seconds
Domain Reload Profiling:
	ReloadAssembly (915ms)
		BeginReloadAssembly (56ms)
			ExecutionOrderSort (0ms)
			DisableScriptedObjects (0ms)
			BackupInstance (0ms)
			ReleaseScriptingObjects (0ms)
			CreateAndSetChildDomain (1ms)
		EndReloadAssembly (783ms)
			LoadAssemblies (54ms)
			RebuildTransferFunctionScriptingTraits (0ms)
			SetupTypeCache (199ms)
			ReleaseScriptCaches (0ms)
			RebuildScriptCaches (68ms)
			SetupLoadedEditorAssemblies (243ms)
				LogAssemblyErrors (0ms)
				InitializePlatformSupportModulesInManaged (9ms)
				SetLoadedEditorAssemblies (0ms)
				RefreshPlugins (98ms)
				BeforeProcessingInitializeOnLoad (16ms)
				ProcessInitializeOnLoadAttributes (92ms)
				ProcessInitializeOnLoadMethodAttributes (27ms)
				AfterProcessingInitializeOnLoad (0ms)
				EditorAssembliesLoaded (0ms)
			ExecutionOrderSort2 (0ms)
			AwakeInstancesAfterBackupRestoration (0ms)
Platform modules already initialized, skipping
Registering precompiled user dll's ...
Registered in 0.006949 seconds.
Begin MonoManager ReloadAssembly
Native extension for WindowsStandalone target not found
Native extension for WebGL target not found
Refreshing native plugins compatible for Editor in 0.74 ms, found 2 plugins.
Preloading 0 native plugins for Editor in 0.00 ms.
Mono: successfully reloaded assembly
- Completed reload, in  2.106 seconds
Domain Reload Profiling:
	ReloadAssembly (2107ms)
		BeginReloadAssembly (191ms)
			ExecutionOrderSort (0ms)
			DisableScriptedObjects (6ms)
			BackupInstance (0ms)
			ReleaseScriptingObjects (0ms)
			CreateAndSetChildDomain (41ms)
		EndReloadAssembly (1843ms)
			LoadAssemblies (110ms)
			RebuildTransferFunctionScriptingTraits (0ms)
			SetupTypeCache (582ms)
			ReleaseScriptCaches (1ms)
			RebuildScriptCaches (48ms)
			SetupLoadedEditorAssemblies (889ms)
				LogAssemblyErrors (0ms)
				InitializePlatformSupportModulesInManaged (7ms)
				SetLoadedEditorAssemblies (1ms)
				RefreshPlugins (1ms)
				BeforeProcessingInitializeOnLoad (113ms)
				ProcessInitializeOnLoadAttributes (710ms)
				ProcessInitializeOnLoadMethodAttributes (49ms)
				AfterProcessingInitializeOnLoad (7ms)
				EditorAssembliesLoaded (0ms)
			ExecutionOrderSort2 (0ms)
			AwakeInstancesAfterBackupRestoration (7ms)
Platform modules already initialized, skipping
========================================================================
Worker process is ready to serve import requests
Launched and connected shader compiler UnityShaderCompiler.exe after 0.04 seconds
Refreshing native plugins compatible for Editor in 0.46 ms, found 2 plugins.
Preloading 0 native plugins for Editor in 0.00 ms.
Unloading 1613 Unused Serialized files (Serialized files now loaded: 0)
System memory in use before: 74.0 MB.
System memory in use after: 74.1 MB.

Unloading 26 unused Assets to reduce memory usage. Loaded Objects now: 2097.
Total: 28.818100 ms (FindLiveObjects: 0.158200 ms CreateObjectMapping: 0.038500 ms MarkObjects: 28.523900 ms  DeleteObjects: 0.094800 ms)

AssetImportParameters requested are different than current active one (requested -> active):
  custom:framework-win-MediaFoundation: 216162199b28c13a410421893ffa2e32 -> 
  custom:video-decoder-ogg-theora: a1e56fd34408186e4bbccfd4996cb3dc -> 
  custom:container-muxer-webm: aa71ff27fc2769a1b78a27578f13a17b -> 
  custom:container-demuxer-webm: 4f35f7cbe854078d1ac9338744f61a02 -> 
  custom:container-demuxer-ogg: 62fdf1f143b41e24485cea50d1cbac27 -> 
  custom:video-encoder-webm-vp8: eb34c28f22e8b96e1ab97ce403110664 -> 
  custom:video-codec-MediaFoundation-h265: e54d7ab0439102e2317fc1e4b246158d -> 
  custom:video-decoder-webm-vp8: 9c59270c3fd7afecdb556c50c9e8de78 -> 
  custom:audio-decoder-ogg-vorbis: bf7c407c2cedff20999df2af8eb42d56 -> 
  custom:audio-encoder-webm-vorbis: bf7c407c2cedff20999df2af8eb42d56 -> 
========================================================================
Received Import Request.
  path: Assets/NavMeshComponents/Assets/Tests/Editor/NavMeshComponentsTestsEditmode.asmdef
  artifactKey: Guid(794824b4a8f003f47a92875e8342f790) Importer(815301076,1909f56bfc062723c751e8b465ee728b)
Start importing Assets/NavMeshComponents/Assets/Tests/Editor/NavMeshComponentsTestsEditmode.asmdef using Guid(794824b4a8f003f47a92875e8342f790) Importer(815301076,1909f56bfc062723c751e8b465ee728b)  -> (artifact id: '3b457c40cb8ccd351c0811710150f1bd') in 0.033472 seconds 
  Import took 0.036731 seconds .

========================================================================
Received Import Request.
  Time since last request: 253.210327 seconds.
  path: Assets/Maze/_9572.ttf
  artifactKey: Guid(80d4c5b0a5c27724a9de7861832ccae4) Importer(815301076,1909f56bfc062723c751e8b465ee728b)
Start importing Assets/Maze/_9572.ttf using Guid(80d4c5b0a5c27724a9de7861832ccae4) Importer(815301076,1909f56bfc062723c751e8b465ee728b)  -> (artifact id: 'bb29b988376bfa9d3c60f186566a4590') in 0.138250 seconds 
  Import took 0.141934 seconds .

========================================================================
Received Import Request.
  Time since last request: 0.000174 seconds.
  path: Assets/Maze/snow2 Variant.prefab
  artifactKey: Guid(968a895f9f5a3de4188970455fcd8600) Importer(815301076,1909f56bfc062723c751e8b465ee728b)
Start importing Assets/Maze/snow2 Variant.prefab using Guid(968a895f9f5a3de4188970455fcd8600) Importer(815301076,1909f56bfc062723c751e8b465ee728b)  -> (artifact id: '677c8efc4cb6c21cf20bdad2e535caff') in 0.059621 seconds 
  Import took 0.062428 seconds .

========================================================================
Received Import Request.
  Time since last request: 0.000168 seconds.
  path: Assets/Maze/Cube.prefab
  artifactKey: Guid(a54dccf00d63fc840ae77bd3d819e96e) Importer(815301076,1909f56bfc062723c751e8b465ee728b)
Start importing Assets/Maze/Cube.prefab using Guid(a54dccf00d63fc840ae77bd3d819e96e) Importer(815301076,1909f56bfc062723c751e8b465ee728b)  -> (artifact id: '65116a06adddb97ebcd8933cf9474c6f') in 0.018402 seconds 
  Import took 0.021148 seconds .

========================================================================
Received Import Request.
  Time since last request: 0.000200 seconds.
  path: Assets/Maze/_heend2.png
  artifactKey: Guid(fceefac5ff1427748a78ff72f7fe046c) Importer(815301076,1909f56bfc062723c751e8b465ee728b)
Start importing Assets/Maze/_heend2.png using Guid(fceefac5ff1427748a78ff72f7fe046c) Importer(815301076,1909f56bfc062723c751e8b465ee728b)  -> (artifact id: '052d1ec9c0cba5f4bbdaaddd4bdd01c7') in 0.119320 seconds 
  Import took 0.122506 seconds .

========================================================================
Received Import Request.
  Time since last request: 0.000154 seconds.
  path: Assets/Maze/newal1 Variant.prefab
  artifactKey: Guid(332ec733906d87b468d8dcfd0c62de39) Importer(815301076,1909f56bfc062723c751e8b465ee728b)
Start importing Assets/Maze/newal1 Variant.prefab using Guid(332ec733906d87b468d8dcfd0c62de39) Importer(815301076,1909f56bfc062723c751e8b465ee728b)  -> (artifact id: 'd97842dc5f35399e1f2dd26bdfa8ac2b') in 0.016281 seconds 
  Import took 0.019149 seconds .

========================================================================
Received Import Request.
  Time since last request: 0.000169 seconds.
  path: Assets/Maze/healthstatus.png
  artifactKey: Guid(d2107b7daca04d54486798870e6257fa) Importer(815301076,1909f56bfc062723c751e8b465ee728b)
Start importing Assets/Maze/healthstatus.png using Guid(d2107b7daca04d54486798870e6257fa) Importer(815301076,1909f56bfc062723c751e8b465ee728b)  -> (artifact id: '2180b17465c48e9379dee6ce57ff2970') in 0.015780 seconds 
  Import took 0.018523 seconds .

========================================================================
Received Import Request.
  Time since last request: 0.000154 seconds.
  path: Assets/Maze/Button2.png
  artifactKey: Guid(618d5b06438b7564b98f5940801a69f8) Importer(815301076,1909f56bfc062723c751e8b465ee728b)
Start importing Assets/Maze/Button2.png using Guid(618d5b06438b7564b98f5940801a69f8) Importer(815301076,1909f56bfc062723c751e8b465ee728b)  -> (artifact id: 'f05e3de3cb5bab13f25494e9c3d592f0') in 0.018412 seconds 
  Import took 0.021323 seconds .

========================================================================
Received Import Request.
  Time since last request: 0.000190 seconds.
  path: Assets/Maze/newall2-0-newal1 Variant.prefab
  artifactKey: Guid(a296a775520a39749ad3dde82fd90850) Importer(815301076,1909f56bfc062723c751e8b465ee728b)
Start importing Assets/Maze/newall2-0-newal1 Variant.prefab using Guid(a296a775520a39749ad3dde82fd90850) Importer(815301076,1909f56bfc062723c751e8b465ee728b)  -> (artifact id: 'ac4a9228ae965206b37a40c6c6039b8e') in 0.016573 seconds 
  Import took 0.019533 seconds .

========================================================================
Received Import Request.
  Time since last request: 0.000216 seconds.
  path: Assets/Maze/snow3 Variant.prefab
  artifactKey: Guid(70f262cf362eaa747aa602f8d10e5840) Importer(815301076,1909f56bfc062723c751e8b465ee728b)
Start importing Assets/Maze/snow3 Variant.prefab using Guid(70f262cf362eaa747aa602f8d10e5840) Importer(815301076,1909f56bfc062723c751e8b465ee728b)  -> (artifact id: '3e0cb9b8edb32f9d7a25159ae9d2f347') in 0.015541 seconds 
  Import took 0.018940 seconds .

========================================================================
Received Import Request.
  Time since last request: 0.000165 seconds.
  path: Assets/Maze/newall4-0-newal1 Variant.prefab
  artifactKey: Guid(c9e70cae53637b84d9cf7887aea9a0f2) Importer(815301076,1909f56bfc062723c751e8b465ee728b)
Start importing Assets/Maze/newall4-0-newal1 Variant.prefab using Guid(c9e70cae53637b84d9cf7887aea9a0f2) Importer(815301076,1909f56bfc062723c751e8b465ee728b)  -> (artifact id: 'fdd94eec146568f60f8234ab2b68f030') in 0.014969 seconds 
  Import took 0.017371 seconds .

========================================================================
Received Import Request.
  Time since last request: 0.000167 seconds.
  path: Assets/Maze/_utton2.2.png
  artifactKey: Guid(b13b05517b48fab41888da9ac64e1535) Importer(815301076,1909f56bfc062723c751e8b465ee728b)
Start importing Assets/Maze/_utton2.2.png using Guid(b13b05517b48fab41888da9ac64e1535) Importer(815301076,1909f56bfc062723c751e8b465ee728b)  -> (artifact id: '7f3694848a82256ccf37fc8e60961bc0') in 0.016438 seconds 
  Import took 0.019147 seconds .

========================================================================
Received Import Request.
  Time since last request: 0.000154 seconds.
  path: Assets/Maze/newall3-0-newal1 Variant.prefab
  artifactKey: Guid(2a32b179e05f3f2418399e85fcc0417c) Importer(815301076,1909f56bfc062723c751e8b465ee728b)
Start importing Assets/Maze/newall3-0-newal1 Variant.prefab using Guid(2a32b179e05f3f2418399e85fcc0417c) Importer(815301076,1909f56bfc062723c751e8b465ee728b)  -> (artifact id: '58ee94636dec27c63998a0b2c10a02f3') in 0.017398 seconds 
  Import took 0.021390 seconds .

========================================================================
Received Import Request.
  Time since last request: 0.000221 seconds.
  path: Assets/Maze/_eaveButton.png
  artifactKey: Guid(0723150817eaf364c9c9933b5f5048bc) Importer(815301076,1909f56bfc062723c751e8b465ee728b)
Start importing Assets/Maze/_eaveButton.png using Guid(0723150817eaf364c9c9933b5f5048bc) Importer(815301076,1909f56bfc062723c751e8b465ee728b)  -> (artifact id: '43369629ebe23b541ac73b7aea236aa5') in 0.017581 seconds 
  Import took 0.020694 seconds .

========================================================================
Received Import Request.
  Time since last request: 0.000173 seconds.
  path: Assets/Maze/healthbar.png
  artifactKey: Guid(6d75c28b9f78a9b40b4f9aa4d1173688) Importer(815301076,1909f56bfc062723c751e8b465ee728b)
Start importing Assets/Maze/healthbar.png using Guid(6d75c28b9f78a9b40b4f9aa4d1173688) Importer(815301076,1909f56bfc062723c751e8b465ee728b)  -> (artifact id: '339397d8f38748102e189a7b0649b2d6') in 0.015772 seconds 
  Import took 0.018776 seconds .

========================================================================
Received Import Request.
  Time since last request: 0.000171 seconds.
  path: Assets/Maze/logo.png
  artifactKey: Guid(386d8231699553949ac74da578d6ab34) Importer(815301076,1909f56bfc062723c751e8b465ee728b)
Start importing Assets/Maze/logo.png using Guid(386d8231699553949ac74da578d6ab34) Importer(815301076,1909f56bfc062723c751e8b465ee728b)  -> (artifact id: '8d7d08126edb6fb60c2b5ec48f080beb') in 0.017113 seconds 
  Import took 0.020333 seconds .

========================================================================
Received Import Request.
  Time since last request: 0.000187 seconds.
  path: Assets/Maze/_utton2.1.png
  artifactKey: Guid(52432873f95232d4db7879724d981e7d) Importer(815301076,1909f56bfc062723c751e8b465ee728b)
Start importing Assets/Maze/_utton2.1.png using Guid(52432873f95232d4db7879724d981e7d) Importer(815301076,1909f56bfc062723c751e8b465ee728b)  -> (artifact id: 'c363f88f00ec2eb5c447b01f79fdc7ae') in 0.016340 seconds 
  Import took 0.019052 seconds .

========================================================================
Received Import Request.
  Time since last request: 0.000166 seconds.
  path: Assets/Maze/snow1 Variant.prefab
  artifactKey: Guid(e7fd317eb99a2204d82adb87b1662d8f) Importer(815301076,1909f56bfc062723c751e8b465ee728b)
Start importing Assets/Maze/snow1 Variant.prefab using Guid(e7fd317eb99a2204d82adb87b1662d8f) Importer(815301076,1909f56bfc062723c751e8b465ee728b)  -> (artifact id: '2058ee3d7406fd62cfeb39bf876803cd') in 0.014838 seconds 
  Import took 0.017365 seconds .

========================================================================
Received Import Request.
  Time since last request: 0.000240 seconds.
  path: Assets/Maze/_heend.png
  artifactKey: Guid(d24a1c6ca43a463439be65a051dd7d32) Importer(815301076,1909f56bfc062723c751e8b465ee728b)
Start importing Assets/Maze/_heend.png using Guid(d24a1c6ca43a463439be65a051dd7d32) Importer(815301076,1909f56bfc062723c751e8b465ee728b)  -> (artifact id: '637fb91753170596f7a1fe926fe7fca6') in 0.016408 seconds 
  Import took 0.019925 seconds .

========================================================================
Received Import Request.
  Time since last request: 644.480863 seconds.
  path: Assets/Cube.prefab
  artifactKey: Guid(6f19eb524cd6bea419fabe7bb5cda92a) Importer(815301076,1909f56bfc062723c751e8b465ee728b)
Start importing Assets/Cube.prefab using Guid(6f19eb524cd6bea419fabe7bb5cda92a) Importer(815301076,1909f56bfc062723c751e8b465ee728b)  -> (artifact id: '0310b5f33f4e0791dfadb108ff4ecb80') in 0.012794 seconds 
  Import took 0.018326 seconds .

========================================================================
Received Import Request.
  Time since last request: 0.000184 seconds.
  path: Assets/Tree.prefab
  artifactKey: Guid(27fb36a5b377525468556ad014b87688) Importer(815301076,1909f56bfc062723c751e8b465ee728b)
Start importing Assets/Tree.prefab using Guid(27fb36a5b377525468556ad014b87688) Importer(815301076,1909f56bfc062723c751e8b465ee728b)  -> (artifact id: '159422b3441410dabe48f4e6adc9eaa7') in 0.556446 seconds 
  Import took 0.559515 seconds .

AssetImportWorkerClient::OnTransportError - code=2 error=End of file
