Using pre-set license
Built from '2021.3/staging' branch; Version is '2021.3.4f1 (cb45f9cae8b7) revision 13321721'; Using compiler version '192829333'; Build Type 'Release'
OS: 'Windows 11  (10.0.22000) 64bit Core' Language: 'en' Physical Memory: 16236 MB
BatchMode: 1, IsHumanControllingUs: 0, StartBugReporterOnCrash: 0, Is64bit: 1, IsPro: 1

COMMAND LINE ARGUMENTS:
C:\Program Files\Unity\Hub\Editor\2021.3.4f1\Editor\Unity.exe
-adb2
-batchMode
-noUpm
-name
AssetImportWorker2
-projectPath
C:/Users/Artiom/nomaze
-logFile
Logs/AssetImportWorker2.log
-srvPort
61864
Successfully changed project path to: C:/Users/Artiom/nomaze
C:/Users/Artiom/nomaze
[UnityMemory] Configuration Parameters - Can be set up in boot.config
    "memorysetup-bucket-allocator-granularity=16"
    "memorysetup-bucket-allocator-bucket-count=8"
    "memorysetup-bucket-allocator-block-size=33554432"
    "memorysetup-bucket-allocator-block-count=8"
    "memorysetup-main-allocator-block-size=16777216"
    "memorysetup-thread-allocator-block-size=16777216"
    "memorysetup-gfx-main-allocator-block-size=16777216"
    "memorysetup-gfx-thread-allocator-block-size=16777216"
    "memorysetup-cache-allocator-block-size=4194304"
    "memorysetup-typetree-allocator-block-size=2097152"
    "memorysetup-profiler-bucket-allocator-granularity=16"
    "memorysetup-profiler-bucket-allocator-bucket-count=8"
    "memorysetup-profiler-bucket-allocator-block-size=33554432"
    "memorysetup-profiler-bucket-allocator-block-count=8"
    "memorysetup-profiler-allocator-block-size=16777216"
    "memorysetup-profiler-editor-allocator-block-size=1048576"
    "memorysetup-temp-allocator-size-main=16777216"
    "memorysetup-job-temp-allocator-block-size=2097152"
    "memorysetup-job-temp-allocator-block-size-background=1048576"
    "memorysetup-job-temp-allocator-reduction-small-platforms=262144"
    "memorysetup-temp-allocator-size-background-worker=32768"
    "memorysetup-temp-allocator-size-job-worker=262144"
    "memorysetup-temp-allocator-size-preload-manager=33554432"
    "memorysetup-temp-allocator-size-nav-mesh-worker=65536"
    "memorysetup-temp-allocator-size-audio-worker=65536"
    "memorysetup-temp-allocator-size-cloud-worker=32768"
    "memorysetup-temp-allocator-size-gi-baking-worker=262144"
    "memorysetup-temp-allocator-size-gfx=262144"
Refreshing native plugins compatible for Editor in 28.55 ms, found 2 plugins.
Preloading 0 native plugins for Editor in 0.00 ms.
Initialize engine version: 2021.3.4f1 (cb45f9cae8b7)
[Subsystems] Discovering subsystems at path C:/Program Files/Unity/Hub/Editor/2021.3.4f1/Editor/Data/Resources/UnitySubsystems
[Subsystems] Discovering subsystems at path C:/Users/Artiom/nomaze/Assets
GfxDevice: creating device client; threaded=0; jobified=0
Direct3D:
    Version:  Direct3D 11.0 [level 11.1]
    Renderer: NVIDIA GeForce RTX 3060 Laptop GPU (ID=0x2560)
    Vendor:   NVIDIA
    VRAM:     6009 MB
    Driver:   31.0.15.2756
Initialize mono
Mono path[0] = 'C:/Program Files/Unity/Hub/Editor/2021.3.4f1/Editor/Data/Managed'
Mono path[1] = 'C:/Program Files/Unity/Hub/Editor/2021.3.4f1/Editor/Data/MonoBleedingEdge/lib/mono/unityjit-win32'
Mono config path = 'C:/Program Files/Unity/Hub/Editor/2021.3.4f1/Editor/Data/MonoBleedingEdge/etc'
Using monoOptions --debugger-agent=transport=dt_socket,embedding=1,server=y,suspend=n,address=127.0.0.1:56712
Begin MonoManager ReloadAssembly
Registering precompiled unity dll's ...
Register platform support module: C:/Program Files/Unity/Hub/Editor/2021.3.4f1/Editor/Data/PlaybackEngines/WindowsStandaloneSupport/UnityEditor.WindowsStandalone.Extensions.dll
Registered in 0.004226 seconds.
Native extension for WindowsStandalone target not found
Refreshing native plugins compatible for Editor in 34.27 ms, found 2 plugins.
Preloading 0 native plugins for Editor in 0.00 ms.
Mono: successfully reloaded assembly
- Completed reload, in  0.526 seconds
Domain Reload Profiling:
	ReloadAssembly (527ms)
		BeginReloadAssembly (63ms)
			ExecutionOrderSort (0ms)
			DisableScriptedObjects (0ms)
			BackupInstance (0ms)
			ReleaseScriptingObjects (0ms)
			CreateAndSetChildDomain (1ms)
		EndReloadAssembly (371ms)
			LoadAssemblies (60ms)
			RebuildTransferFunctionScriptingTraits (0ms)
			SetupTypeCache (86ms)
			ReleaseScriptCaches (0ms)
			RebuildScriptCaches (24ms)
			SetupLoadedEditorAssemblies (214ms)
				LogAssemblyErrors (0ms)
				InitializePlatformSupportModulesInManaged (7ms)
				SetLoadedEditorAssemblies (0ms)
				RefreshPlugins (34ms)
				BeforeProcessingInitializeOnLoad (1ms)
				ProcessInitializeOnLoadAttributes (131ms)
				ProcessInitializeOnLoadMethodAttributes (41ms)
				AfterProcessingInitializeOnLoad (0ms)
				EditorAssembliesLoaded (0ms)
			ExecutionOrderSort2 (0ms)
			AwakeInstancesAfterBackupRestoration (0ms)
Platform modules already initialized, skipping
Registering precompiled user dll's ...
Registered in 0.009424 seconds.
Begin MonoManager ReloadAssembly
Native extension for WindowsStandalone target not found
Refreshing native plugins compatible for Editor in 0.46 ms, found 2 plugins.
Preloading 0 native plugins for Editor in 0.00 ms.
Mono: successfully reloaded assembly
- Completed reload, in  1.285 seconds
Domain Reload Profiling:
	ReloadAssembly (1286ms)
		BeginReloadAssembly (96ms)
			ExecutionOrderSort (0ms)
			DisableScriptedObjects (5ms)
			BackupInstance (0ms)
			ReleaseScriptingObjects (0ms)
			CreateAndSetChildDomain (19ms)
		EndReloadAssembly (1088ms)
			LoadAssemblies (61ms)
			RebuildTransferFunctionScriptingTraits (0ms)
			SetupTypeCache (181ms)
			ReleaseScriptCaches (0ms)
			RebuildScriptCaches (41ms)
			SetupLoadedEditorAssemblies (767ms)
				LogAssemblyErrors (0ms)
				InitializePlatformSupportModulesInManaged (4ms)
				SetLoadedEditorAssemblies (0ms)
				RefreshPlugins (1ms)
				BeforeProcessingInitializeOnLoad (50ms)
				ProcessInitializeOnLoadAttributes (671ms)
				ProcessInitializeOnLoadMethodAttributes (35ms)
				AfterProcessingInitializeOnLoad (6ms)
				EditorAssembliesLoaded (0ms)
			ExecutionOrderSort2 (0ms)
			AwakeInstancesAfterBackupRestoration (5ms)
Platform modules already initialized, skipping
========================================================================
Worker process is ready to serve import requests
Launched and connected shader compiler UnityShaderCompiler.exe after 0.04 seconds
Refreshing native plugins compatible for Editor in 0.74 ms, found 2 plugins.
Preloading 0 native plugins for Editor in 0.00 ms.
Unloading 1754 Unused Serialized files (Serialized files now loaded: 0)
Unloading 29 unused Assets / (58.7 KB). Loaded Objects now: 2266.
Memory consumption went from 76.6 MB to 76.6 MB.
Total: 21.023600 ms (FindLiveObjects: 0.155100 ms CreateObjectMapping: 0.050600 ms MarkObjects: 20.664600 ms  DeleteObjects: 0.151500 ms)

AssetImportParameters requested are different than current active one (requested -> active):
  custom:video-decoder-ogg-theora: a1e56fd34408186e4bbccfd4996cb3dc -> 
  custom:container-muxer-webm: aa71ff27fc2769a1b78a27578f13a17b -> 
  custom:container-demuxer-webm: 4f35f7cbe854078d1ac9338744f61a02 -> 
  custom:video-encoder-webm-vp8: eb34c28f22e8b96e1ab97ce403110664 -> 
  custom:video-codec-MediaFoundation-h265: e54d7ab0439102e2317fc1e4b246158d -> 
  custom:audio-encoder-webm-vorbis: bf7c407c2cedff20999df2af8eb42d56 -> 
  custom:framework-win-MediaFoundation: 216162199b28c13a410421893ffa2e32 -> 
  custom:container-demuxer-ogg: 62fdf1f143b41e24485cea50d1cbac27 -> 
  custom:video-decoder-webm-vp8: 9c59270c3fd7afecdb556c50c9e8de78 -> 
  custom:audio-decoder-ogg-vorbis: bf7c407c2cedff20999df2af8eb42d56 -> 
========================================================================
Received Import Request.
  Time since last request: 178758.267569 seconds.
  path: Assets/Maze/Cube.prefab
  artifactKey: Guid(a54dccf00d63fc840ae77bd3d819e96e) Importer(815301076,1909f56bfc062723c751e8b465ee728b)
Start importing Assets/Maze/Cube.prefab using Guid(a54dccf00d63fc840ae77bd3d819e96e) Importer(815301076,1909f56bfc062723c751e8b465ee728b)  -> (artifact id: '7988b5b0adc42bf8e6c9831c3cbb669d') in 0.140320 seconds 
========================================================================
Received Import Request.
  Time since last request: 0.000017 seconds.
  path: Assets/Maze/_heend2.png
  artifactKey: Guid(fceefac5ff1427748a78ff72f7fe046c) Importer(815301076,1909f56bfc062723c751e8b465ee728b)
Start importing Assets/Maze/_heend2.png using Guid(fceefac5ff1427748a78ff72f7fe046c) Importer(815301076,1909f56bfc062723c751e8b465ee728b)  -> (artifact id: '54d634d90c601f6cd6f625ca4696e23e') in 0.245592 seconds 
========================================================================
Received Import Request.
  Time since last request: 0.000021 seconds.
  path: Assets/Maze/newall2-0-newal1 Variant.prefab
  artifactKey: Guid(a296a775520a39749ad3dde82fd90850) Importer(815301076,1909f56bfc062723c751e8b465ee728b)
Start importing Assets/Maze/newall2-0-newal1 Variant.prefab using Guid(a296a775520a39749ad3dde82fd90850) Importer(815301076,1909f56bfc062723c751e8b465ee728b)  -> (artifact id: '421955b24f4e2d88a8bde11476c70439') in 0.066490 seconds 
========================================================================
Received Import Request.
  Time since last request: 0.000029 seconds.
  path: Assets/Maze/newall4-0-newal1 Variant.prefab
  artifactKey: Guid(c9e70cae53637b84d9cf7887aea9a0f2) Importer(815301076,1909f56bfc062723c751e8b465ee728b)
Start importing Assets/Maze/newall4-0-newal1 Variant.prefab using Guid(c9e70cae53637b84d9cf7887aea9a0f2) Importer(815301076,1909f56bfc062723c751e8b465ee728b)  -> (artifact id: 'bee52c5a23ae8656c4cebba67880e562') in 0.034093 seconds 
========================================================================
Received Import Request.
  Time since last request: 0.000017 seconds.
  path: Assets/Maze/newall3-0-newal1 Variant.prefab
  artifactKey: Guid(2a32b179e05f3f2418399e85fcc0417c) Importer(815301076,1909f56bfc062723c751e8b465ee728b)
Start importing Assets/Maze/newall3-0-newal1 Variant.prefab using Guid(2a32b179e05f3f2418399e85fcc0417c) Importer(815301076,1909f56bfc062723c751e8b465ee728b)  -> (artifact id: '127bf3f2cdb6d4e333be44937bd5df9e') in 0.016925 seconds 
========================================================================
Received Import Request.
  Time since last request: 0.000016 seconds.
  path: Assets/Maze/_9572.ttf
  artifactKey: Guid(80d4c5b0a5c27724a9de7861832ccae4) Importer(815301076,1909f56bfc062723c751e8b465ee728b)
Start importing Assets/Maze/_9572.ttf using Guid(80d4c5b0a5c27724a9de7861832ccae4) Importer(815301076,1909f56bfc062723c751e8b465ee728b)  -> (artifact id: 'ce4fa1f5d14ca3dde830287fa2a83165') in 0.044929 seconds 
========================================================================
Received Import Request.
  Time since last request: 0.000025 seconds.
  path: Assets/Maze/healthbar.png
  artifactKey: Guid(6d75c28b9f78a9b40b4f9aa4d1173688) Importer(815301076,1909f56bfc062723c751e8b465ee728b)
Start importing Assets/Maze/healthbar.png using Guid(6d75c28b9f78a9b40b4f9aa4d1173688) Importer(815301076,1909f56bfc062723c751e8b465ee728b)  -> (artifact id: '7ed625dc59ef75c5c5d1d792f18985bc') in 0.109368 seconds 
========================================================================
Received Import Request.
  Time since last request: 0.000051 seconds.
  path: Assets/Maze/snow1 Variant.prefab
  artifactKey: Guid(e7fd317eb99a2204d82adb87b1662d8f) Importer(815301076,1909f56bfc062723c751e8b465ee728b)
Start importing Assets/Maze/snow1 Variant.prefab using Guid(e7fd317eb99a2204d82adb87b1662d8f) Importer(815301076,1909f56bfc062723c751e8b465ee728b)  -> (artifact id: 'aace330bc7d102c7195372deddae0ebb') in 0.014303 seconds 
Editor requested this worker to shutdown with reason: Scaling down because of idle timeout
AssetImportWorker is now disconnected from the server
Process exiting
Exiting without the bug reporter. Application will terminate with return code 0